<?xml version="1.0" encoding="UTF-8"?>
<!-- Generated by org.testng.reporters.JUnitReportReporter -->
<testsuite skipped="0" hostname="DESKTOP-2MCR46G" name="com.crm.qa.testcases.LoginpageTest" tests="3" failures="0" timestamp="21 Jun 2020 09:12:04 GMT" time="99.894" errors="0">
  <testcase name="navigatetologinpage" time="33.353" classname="com.crm.qa.testcases.LoginpageTest"/>
  <testcase name="logintohomepage" time="42.413" classname="com.crm.qa.testcases.LoginpageTest"/>
  <testcase name="logintohomepage" time="24.128" classname="com.crm.qa.testcases.LoginpageTest"/>
</testsuite> <!-- com.crm.qa.testcases.LoginpageTest -->
