<?xml version="1.0" encoding="UTF-8"?>
<!-- Generated by org.testng.reporters.JUnitReportReporter -->
<testsuite skipped="0" hostname="DESKTOP-2MCR46G" name="com.crm.qa.testcases.LoginpageTest" tests="3" failures="0" timestamp="19 Jun 2020 15:04:52 GMT" time="117.649" errors="0">
  <testcase name="navigatetologinpage" time="69.856" classname="com.crm.qa.testcases.LoginpageTest"/>
  <testcase name="logintohomepage" time="29.289" classname="com.crm.qa.testcases.LoginpageTest"/>
  <testcase name="logintohomepage" time="18.504" classname="com.crm.qa.testcases.LoginpageTest"/>
</testsuite> <!-- com.crm.qa.testcases.LoginpageTest -->
